Traceback (most recent call last):
  File "/Users/thiagoyoshimura/Projects/weather_data_pipeline/scripts/ingest_weather_api.py", line 1, in <module>
    import requests
ModuleNotFoundError: No module named 'requests'
Starting daily weather data pipeline...

 Running ingestion script...
Traceback (most recent call last):
  File "/Users/thiagoyoshimura/Projects/weather_data_pipeline/scripts/run_pipeline.py", line 12, in <module>
    subprocess.run(["python3", os.path.join(BASE_DIR, "scripts", "ingest_weather_api.py")], check=True)
  File "/Library/Developer/CommandLineTools/Library/Frameworks/Python3.framework/Versions/3.9/lib/python3.9/subprocess.py", line 528, in run
    raise CalledProcessError(retcode, process.args,
subprocess.CalledProcessError: Command '['python3', '/Users/thiagoyoshimura/Projects/weather_data_pipeline/scripts/ingest_weather_api.py']' returned non-zero exit status 1.
/Users/thiagoyoshimura/Projects/weather_data_pipeline/venv/lib/python3.9/site-packages/urllib3/__init__.py:35: NotOpenSSLWarning: urllib3 v2 only supports OpenSSL 1.1.1+, currently the 'ssl' module is compiled with 'LibreSSL 2.8.3'. See: https://github.com/urllib3/urllib3/issues/3020
  warnings.warn(
Fetching montreal for 2025-11-13...
Traceback (most recent call last):
  File "/Users/thiagoyoshimura/Projects/weather_data_pipeline/scripts/ingest_weather_api.py", line 54, in <module>
    main()
  File "/Users/thiagoyoshimura/Projects/weather_data_pipeline/scripts/ingest_weather_api.py", line 51, in main
    save_data(city, target_date, data)
  File "/Users/thiagoyoshimura/Projects/weather_data_pipeline/scripts/ingest_weather_api.py", line 34, in save_data
    os.makedirs(folder_path, exist_ok=True)
  File "/Library/Developer/CommandLineTools/Library/Frameworks/Python3.framework/Versions/3.9/lib/python3.9/os.py", line 215, in makedirs
    makedirs(head, exist_ok=exist_ok)
  File "/Library/Developer/CommandLineTools/Library/Frameworks/Python3.framework/Versions/3.9/lib/python3.9/os.py", line 215, in makedirs
    makedirs(head, exist_ok=exist_ok)
  File "/Library/Developer/CommandLineTools/Library/Frameworks/Python3.framework/Versions/3.9/lib/python3.9/os.py", line 225, in makedirs
    mkdir(name, mode)
PermissionError: [Errno 13] Permission denied: '../data'
Starting daily weather data pipeline...

 Running ingestion script...
Traceback (most recent call last):
  File "/Users/thiagoyoshimura/Projects/weather_data_pipeline/scripts/run_pipeline.py", line 13, in <module>
    subprocess.run([sys.executable, os.path.join(BASE_DIR, "ingest_weather_api.py")], check=True)
  File "/Library/Developer/CommandLineTools/Library/Frameworks/Python3.framework/Versions/3.9/lib/python3.9/subprocess.py", line 528, in run
    raise CalledProcessError(retcode, process.args,
subprocess.CalledProcessError: Command '['/Users/thiagoyoshimura/Projects/weather_data_pipeline/venv/bin/python3', '/Users/thiagoyoshimura/Projects/weather_data_pipeline/scripts/ingest_weather_api.py']' returned non-zero exit status 1.
/Users/thiagoyoshimura/Projects/weather_data_pipeline/venv/lib/python3.9/site-packages/urllib3/__init__.py:35: NotOpenSSLWarning: urllib3 v2 only supports OpenSSL 1.1.1+, currently the 'ssl' module is compiled with 'LibreSSL 2.8.3'. See: https://github.com/urllib3/urllib3/issues/3020
  warnings.warn(
Fetching montreal for 2025-11-13...
❌ Error fetching montreal for 2025-11-13: 502
Fetching toronto for 2025-11-13...
✅ Saved: /Users/thiagoyoshimura/Projects/weather_data_pipeline/scripts/../data/raw/toronto/2025-11-13.json
Fetching vancouver for 2025-11-13...
✅ Saved: /Users/thiagoyoshimura/Projects/weather_data_pipeline/scripts/../data/raw/vancouver/2025-11-13.json
Fetching montreal for 2025-11-12...
✅ Saved: /Users/thiagoyoshimura/Projects/weather_data_pipeline/scripts/../data/raw/montreal/2025-11-12.json
Fetching toronto for 2025-11-12...
✅ Saved: /Users/thiagoyoshimura/Projects/weather_data_pipeline/scripts/../data/raw/toronto/2025-11-12.json
Fetching vancouver for 2025-11-12...
✅ Saved: /Users/thiagoyoshimura/Projects/weather_data_pipeline/scripts/../data/raw/vancouver/2025-11-12.json
Fetching montreal for 2025-11-11...
✅ Saved: /Users/thiagoyoshimura/Projects/weather_data_pipeline/scripts/../data/raw/montreal/2025-11-11.json
Fetching toronto for 2025-11-11...
✅ Saved: /Users/thiagoyoshimura/Projects/weather_data_pipeline/scripts/../data/raw/toronto/2025-11-11.json
Fetching vancouver for 2025-11-11...
✅ Saved: /Users/thiagoyoshimura/Projects/weather_data_pipeline/scripts/../data/raw/vancouver/2025-11-11.json
Fetching montreal for 2025-11-10...
✅ Saved: /Users/thiagoyoshimura/Projects/weather_data_pipeline/scripts/../data/raw/montreal/2025-11-10.json
Fetching toronto for 2025-11-10...
✅ Saved: /Users/thiagoyoshimura/Projects/weather_data_pipeline/scripts/../data/raw/toronto/2025-11-10.json
Fetching vancouver for 2025-11-10...
✅ Saved: /Users/thiagoyoshimura/Projects/weather_data_pipeline/scripts/../data/raw/vancouver/2025-11-10.json
Fetching montreal for 2025-11-09...
✅ Saved: /Users/thiagoyoshimura/Projects/weather_data_pipeline/scripts/../data/raw/montreal/2025-11-09.json
Fetching toronto for 2025-11-09...
✅ Saved: /Users/thiagoyoshimura/Projects/weather_data_pipeline/scripts/../data/raw/toronto/2025-11-09.json
Fetching vancouver for 2025-11-09...
✅ Saved: /Users/thiagoyoshimura/Projects/weather_data_pipeline/scripts/../data/raw/vancouver/2025-11-09.json
Traceback (most recent call last):
  File "/Users/thiagoyoshimura/Projects/weather_data_pipeline/scripts/transform_data.py", line 49, in <module>
    main()
  File "/Users/thiagoyoshimura/Projects/weather_data_pipeline/scripts/transform_data.py", line 29, in main
    for city in os.listdir(RAW_DIR):
FileNotFoundError: [Errno 2] No such file or directory: '../data/raw'
Starting daily weather data pipeline...

 Running ingestion script...

 Running transformation script...
Traceback (most recent call last):
  File "/Users/thiagoyoshimura/Projects/weather_data_pipeline/scripts/run_pipeline.py", line 17, in <module>
    subprocess.run([sys.executable, os.path.join(BASE_DIR, "transform_data.py")], check=True)
  File "/Library/Developer/CommandLineTools/Library/Frameworks/Python3.framework/Versions/3.9/lib/python3.9/subprocess.py", line 528, in run
    raise CalledProcessError(retcode, process.args,
subprocess.CalledProcessError: Command '['/Users/thiagoyoshimura/Projects/weather_data_pipeline/venv/bin/python3', '/Users/thiagoyoshimura/Projects/weather_data_pipeline/scripts/transform_data.py']' returned non-zero exit status 1.
/Users/thiagoyoshimura/Projects/weather_data_pipeline/venv/lib/python3.9/site-packages/urllib3/__init__.py:35: NotOpenSSLWarning: urllib3 v2 only supports OpenSSL 1.1.1+, currently the 'ssl' module is compiled with 'LibreSSL 2.8.3'. See: https://github.com/urllib3/urllib3/issues/3020
  warnings.warn(
Fetching montreal for 2025-11-13...
✅ Saved: /Users/thiagoyoshimura/Projects/weather_data_pipeline/scripts/../data/raw/montreal/2025-11-13.json
Fetching toronto for 2025-11-13...
✅ Saved: /Users/thiagoyoshimura/Projects/weather_data_pipeline/scripts/../data/raw/toronto/2025-11-13.json
Fetching vancouver for 2025-11-13...
✅ Saved: /Users/thiagoyoshimura/Projects/weather_data_pipeline/scripts/../data/raw/vancouver/2025-11-13.json
Fetching montreal for 2025-11-12...
✅ Saved: /Users/thiagoyoshimura/Projects/weather_data_pipeline/scripts/../data/raw/montreal/2025-11-12.json
Fetching toronto for 2025-11-12...
✅ Saved: /Users/thiagoyoshimura/Projects/weather_data_pipeline/scripts/../data/raw/toronto/2025-11-12.json
Fetching vancouver for 2025-11-12...
✅ Saved: /Users/thiagoyoshimura/Projects/weather_data_pipeline/scripts/../data/raw/vancouver/2025-11-12.json
Fetching montreal for 2025-11-11...
✅ Saved: /Users/thiagoyoshimura/Projects/weather_data_pipeline/scripts/../data/raw/montreal/2025-11-11.json
Fetching toronto for 2025-11-11...
✅ Saved: /Users/thiagoyoshimura/Projects/weather_data_pipeline/scripts/../data/raw/toronto/2025-11-11.json
Fetching vancouver for 2025-11-11...
✅ Saved: /Users/thiagoyoshimura/Projects/weather_data_pipeline/scripts/../data/raw/vancouver/2025-11-11.json
Fetching montreal for 2025-11-10...
✅ Saved: /Users/thiagoyoshimura/Projects/weather_data_pipeline/scripts/../data/raw/montreal/2025-11-10.json
Fetching toronto for 2025-11-10...
✅ Saved: /Users/thiagoyoshimura/Projects/weather_data_pipeline/scripts/../data/raw/toronto/2025-11-10.json
Fetching vancouver for 2025-11-10...
✅ Saved: /Users/thiagoyoshimura/Projects/weather_data_pipeline/scripts/../data/raw/vancouver/2025-11-10.json
Fetching montreal for 2025-11-09...
✅ Saved: /Users/thiagoyoshimura/Projects/weather_data_pipeline/scripts/../data/raw/montreal/2025-11-09.json
Fetching toronto for 2025-11-09...
✅ Saved: /Users/thiagoyoshimura/Projects/weather_data_pipeline/scripts/../data/raw/toronto/2025-11-09.json
Fetching vancouver for 2025-11-09...
✅ Saved: /Users/thiagoyoshimura/Projects/weather_data_pipeline/scripts/../data/raw/vancouver/2025-11-09.json
✅ Saved clean dataset to /Users/thiagoyoshimura/Projects/weather_data_pipeline/scripts/../data/clean/weather_clean.csv
Total rows: 17
Starting daily weather data pipeline...

 Running ingestion script...

 Running transformation script...

 Pipeline completed successfully on 2025-11-13 17:08:05
